<?xml version="1.0" encoding="UTF-8"?>
<testsuite xmlns:xsi="http://www.w3.org/2001/XMLSchema-instance" xsi:noNamespaceSchemaLocation="https://maven.apache.org/surefire/maven-surefire-plugin/xsd/surefire-test-report-3.0.xsd" version="3.0" name="TestSuite" time="46.351" tests="14" errors="0" skipped="12" failures="2">
  <properties>
    <property name="sun.desktop" value="windows"/>
    <property name="awt.toolkit" value="sun.awt.windows.WToolkit"/>
    <property name="java.specification.version" value="11"/>
    <property name="webdriver.chrome.driver" value="C:\Users\vikashsharma03\.cache\selenium\chromedriver\win32\108.0.5359.71\chromedriver.exe"/>
    <property name="sun.cpu.isalist" value="amd64"/>
    <property name="sun.jnu.encoding" value="Cp1252"/>
    <property name="java.class.path" value="C:\Users\vikashsharma03\eclipse-workspace\Exit_Test_Assignment\target\test-classes;C:\Users\vikashsharma03\eclipse-workspace\Exit_Test_Assignment\target\classes;C:\Users\vikashsharma03\.m2\repository\org\seleniumhq\selenium\selenium-java\4.4.0\selenium-java-4.4.0.jar;C:\Users\vikashsharma03\.m2\repository\org\seleniumhq\selenium\selenium-api\4.4.0\selenium-api-4.4.0.jar;C:\Users\vikashsharma03\.m2\repository\org\seleniumhq\selenium\selenium-chrome-driver\4.4.0\selenium-chrome-driver-4.4.0.jar;C:\Users\vikashsharma03\.m2\repository\com\google\auto\service\auto-service-annotations\1.0.1\auto-service-annotations-1.0.1.jar;C:\Users\vikashsharma03\.m2\repository\com\google\auto\service\auto-service\1.0.1\auto-service-1.0.1.jar;C:\Users\vikashsharma03\.m2\repository\com\google\auto\auto-common\1.2\auto-common-1.2.jar;C:\Users\vikashsharma03\.m2\repository\com\google\guava\guava\31.1-jre\guava-31.1-jre.jar;C:\Users\vikashsharma03\.m2\repository\com\google\guava\failureaccess\1.0.1\failureaccess-1.0.1.jar;C:\Users\vikashsharma03\.m2\repository\com\google\guava\listenablefuture\9999.0-empty-to-avoid-conflict-with-guava\listenablefuture-9999.0-empty-to-avoid-conflict-with-guava.jar;C:\Users\vikashsharma03\.m2\repository\org\checkerframework\checker-qual\3.12.0\checker-qual-3.12.0.jar;C:\Users\vikashsharma03\.m2\repository\com\google\errorprone\error_prone_annotations\2.11.0\error_prone_annotations-2.11.0.jar;C:\Users\vikashsharma03\.m2\repository\com\google\j2objc\j2objc-annotations\1.3\j2objc-annotations-1.3.jar;C:\Users\vikashsharma03\.m2\repository\org\seleniumhq\selenium\selenium-chromium-driver\4.4.0\selenium-chromium-driver-4.4.0.jar;C:\Users\vikashsharma03\.m2\repository\org\seleniumhq\selenium\selenium-json\4.4.0\selenium-json-4.4.0.jar;C:\Users\vikashsharma03\.m2\repository\org\seleniumhq\selenium\selenium-devtools-v102\4.4.0\selenium-devtools-v102-4.4.0.jar;C:\Users\vikashsharma03\.m2\repository\org\seleniumhq\selenium\selenium-devtools-v103\4.4.0\selenium-devtools-v103-4.4.0.jar;C:\Users\vikashsharma03\.m2\repository\org\seleniumhq\selenium\selenium-devtools-v104\4.4.0\selenium-devtools-v104-4.4.0.jar;C:\Users\vikashsharma03\.m2\repository\org\seleniumhq\selenium\selenium-devtools-v85\4.4.0\selenium-devtools-v85-4.4.0.jar;C:\Users\vikashsharma03\.m2\repository\org\seleniumhq\selenium\selenium-edge-driver\4.4.0\selenium-edge-driver-4.4.0.jar;C:\Users\vikashsharma03\.m2\repository\org\seleniumhq\selenium\selenium-firefox-driver\4.4.0\selenium-firefox-driver-4.4.0.jar;C:\Users\vikashsharma03\.m2\repository\org\seleniumhq\selenium\selenium-ie-driver\4.4.0\selenium-ie-driver-4.4.0.jar;C:\Users\vikashsharma03\.m2\repository\org\seleniumhq\selenium\selenium-opera-driver\4.4.0\selenium-opera-driver-4.4.0.jar;C:\Users\vikashsharma03\.m2\repository\org\seleniumhq\selenium\selenium-remote-driver\4.4.0\selenium-remote-driver-4.4.0.jar;C:\Users\vikashsharma03\.m2\repository\io\netty\netty-buffer\4.1.78.Final\netty-buffer-4.1.78.Final.jar;C:\Users\vikashsharma03\.m2\repository\io\netty\netty-codec-http\4.1.78.Final\netty-codec-http-4.1.78.Final.jar;C:\Users\vikashsharma03\.m2\repository\io\netty\netty-codec\4.1.78.Final\netty-codec-4.1.78.Final.jar;C:\Users\vikashsharma03\.m2\repository\io\netty\netty-handler\4.1.78.Final\netty-handler-4.1.78.Final.jar;C:\Users\vikashsharma03\.m2\repository\io\netty\netty-common\4.1.78.Final\netty-common-4.1.78.Final.jar;C:\Users\vikashsharma03\.m2\repository\io\netty\netty-transport-classes-epoll\4.1.78.Final\netty-transport-classes-epoll-4.1.78.Final.jar;C:\Users\vikashsharma03\.m2\repository\io\netty\netty-transport-classes-kqueue\4.1.78.Final\netty-transport-classes-kqueue-4.1.78.Final.jar;C:\Users\vikashsharma03\.m2\repository\io\netty\netty-transport-native-epoll\4.1.78.Final\netty-transport-native-epoll-4.1.78.Final.jar;C:\Users\vikashsharma03\.m2\repository\io\netty\netty-transport-native-kqueue\4.1.78.Final\netty-transport-native-kqueue-4.1.78.Final.jar;C:\Users\vikashsharma03\.m2\repository\io\netty\netty-transport-native-unix-common\4.1.78.Final\netty-transport-native-unix-common-4.1.78.Final.jar;C:\Users\vikashsharma03\.m2\repository\io\netty\netty-transport\4.1.78.Final\netty-transport-4.1.78.Final.jar;C:\Users\vikashsharma03\.m2\repository\io\netty\netty-resolver\4.1.78.Final\netty-resolver-4.1.78.Final.jar;C:\Users\vikashsharma03\.m2\repository\io\opentelemetry\opentelemetry-api\1.16.0\opentelemetry-api-1.16.0.jar;C:\Users\vikashsharma03\.m2\repository\io\opentelemetry\opentelemetry-context\1.16.0\opentelemetry-context-1.16.0.jar;C:\Users\vikashsharma03\.m2\repository\io\opentelemetry\opentelemetry-exporter-logging\1.16.0\opentelemetry-exporter-logging-1.16.0.jar;C:\Users\vikashsharma03\.m2\repository\io\opentelemetry\opentelemetry-sdk-metrics\1.16.0\opentelemetry-sdk-metrics-1.16.0.jar;C:\Users\vikashsharma03\.m2\repository\io\opentelemetry\opentelemetry-sdk-logs\1.16.0-alpha\opentelemetry-sdk-logs-1.16.0-alpha.jar;C:\Users\vikashsharma03\.m2\repository\io\opentelemetry\opentelemetry-sdk-common\1.16.0\opentelemetry-sdk-common-1.16.0.jar;C:\Users\vikashsharma03\.m2\repository\io\opentelemetry\opentelemetry-sdk-extension-autoconfigure-spi\1.16.0\opentelemetry-sdk-extension-autoconfigure-spi-1.16.0.jar;C:\Users\vikashsharma03\.m2\repository\io\opentelemetry\opentelemetry-sdk-extension-autoconfigure\1.16.0-alpha\opentelemetry-sdk-extension-autoconfigure-1.16.0-alpha.jar;C:\Users\vikashsharma03\.m2\repository\io\opentelemetry\opentelemetry-sdk-trace\1.16.0\opentelemetry-sdk-trace-1.16.0.jar;C:\Users\vikashsharma03\.m2\repository\io\opentelemetry\opentelemetry-sdk\1.16.0\opentelemetry-sdk-1.16.0.jar;C:\Users\vikashsharma03\.m2\repository\io\opentelemetry\opentelemetry-semconv\1.16.0-alpha\opentelemetry-semconv-1.16.0-alpha.jar;C:\Users\vikashsharma03\.m2\repository\io\ous\jtoml\2.0.0\jtoml-2.0.0.jar;C:\Users\vikashsharma03\.m2\repository\net\bytebuddy\byte-buddy\1.12.10\byte-buddy-1.12.10.jar;C:\Users\vikashsharma03\.m2\repository\org\apache\commons\commons-exec\1.3\commons-exec-1.3.jar;C:\Users\vikashsharma03\.m2\repository\org\asynchttpclient\async-http-client\2.12.3\async-http-client-2.12.3.jar;C:\Users\vikashsharma03\.m2\repository\org\asynchttpclient\async-http-client-netty-utils\2.12.3\async-http-client-netty-utils-2.12.3.jar;C:\Users\vikashsharma03\.m2\repository\io\netty\netty-codec-socks\4.1.60.Final\netty-codec-socks-4.1.60.Final.jar;C:\Users\vikashsharma03\.m2\repository\io\netty\netty-handler-proxy\4.1.60.Final\netty-handler-proxy-4.1.60.Final.jar;C:\Users\vikashsharma03\.m2\repository\io\netty\netty-transport-native-epoll\4.1.60.Final\netty-transport-native-epoll-4.1.60.Final-linux-x86_64.jar;C:\Users\vikashsharma03\.m2\repository\io\netty\netty-transport-native-kqueue\4.1.60.Final\netty-transport-native-kqueue-4.1.60.Final-osx-x86_64.jar;C:\Users\vikashsharma03\.m2\repository\org\reactivestreams\reactive-streams\1.0.3\reactive-streams-1.0.3.jar;C:\Users\vikashsharma03\.m2\repository\com\typesafe\netty\netty-reactive-streams\2.0.4\netty-reactive-streams-2.0.4.jar;C:\Users\vikashsharma03\.m2\repository\com\sun\activation\jakarta.activation\1.2.2\jakarta.activation-1.2.2.jar;C:\Users\vikashsharma03\.m2\repository\org\seleniumhq\selenium\selenium-http\4.4.0\selenium-http-4.4.0.jar;C:\Users\vikashsharma03\.m2\repository\dev\failsafe\failsafe\3.2.4\failsafe-3.2.4.jar;C:\Users\vikashsharma03\.m2\repository\org\seleniumhq\selenium\selenium-safari-driver\4.4.0\selenium-safari-driver-4.4.0.jar;C:\Users\vikashsharma03\.m2\repository\org\seleniumhq\selenium\selenium-support\4.4.0\selenium-support-4.4.0.jar;C:\Users\vikashsharma03\.m2\repository\io\github\bonigarcia\webdrivermanager\5.3.0\webdrivermanager-5.3.0.jar;C:\Users\vikashsharma03\.m2\repository\org\slf4j\slf4j-api\1.7.36\slf4j-api-1.7.36.jar;C:\Users\vikashsharma03\.m2\repository\com\google\code\gson\gson\2.9.1\gson-2.9.1.jar;C:\Users\vikashsharma03\.m2\repository\com\github\docker-java\docker-java\3.2.13\docker-java-3.2.13.jar;C:\Users\vikashsharma03\.m2\repository\com\github\docker-java\docker-java-core\3.2.13\docker-java-core-3.2.13.jar;C:\Users\vikashsharma03\.m2\repository\com\github\docker-java\docker-java-api\3.2.13\docker-java-api-3.2.13.jar;C:\Users\vikashsharma03\.m2\repository\com\fasterxml\jackson\core\jackson-annotations\2.10.3\jackson-annotations-2.10.3.jar;C:\Users\vikashsharma03\.m2\repository\com\fasterxml\jackson\core\jackson-databind\2.10.3\jackson-databind-2.10.3.jar;C:\Users\vikashsharma03\.m2\repository\com\fasterxml\jackson\core\jackson-core\2.10.3\jackson-core-2.10.3.jar;C:\Users\vikashsharma03\.m2\repository\org\bouncycastle\bcpkix-jdk15on\1.64\bcpkix-jdk15on-1.64.jar;C:\Users\vikashsharma03\.m2\repository\org\bouncycastle\bcprov-jdk15on\1.64\bcprov-jdk15on-1.64.jar;C:\Users\vikashsharma03\.m2\repository\org\slf4j\jcl-over-slf4j\1.7.30\jcl-over-slf4j-1.7.30.jar;C:\Users\vikashsharma03\.m2\repository\com\github\docker-java\docker-java-transport-httpclient5\3.2.13\docker-java-transport-httpclient5-3.2.13.jar;C:\Users\vikashsharma03\.m2\repository\com\github\docker-java\docker-java-transport\3.2.13\docker-java-transport-3.2.13.jar;C:\Users\vikashsharma03\.m2\repository\net\java\dev\jna\jna\5.8.0\jna-5.8.0.jar;C:\Users\vikashsharma03\.m2\repository\org\brotli\dec\0.1.2\dec-0.1.2.jar;C:\Users\vikashsharma03\.m2\repository\org\apache\commons\commons-lang3\3.12.0\commons-lang3-3.12.0.jar;C:\Users\vikashsharma03\.m2\repository\org\apache\httpcomponents\client5\httpclient5\5.1.3\httpclient5-5.1.3.jar;C:\Users\vikashsharma03\.m2\repository\org\apache\httpcomponents\core5\httpcore5\5.1.3\httpcore5-5.1.3.jar;C:\Users\vikashsharma03\.m2\repository\org\apache\httpcomponents\core5\httpcore5-h2\5.1.3\httpcore5-h2-5.1.3.jar;C:\Users\vikashsharma03\.m2\repository\org\testng\testng\7.6.1\testng-7.6.1.jar;C:\Users\vikashsharma03\.m2\repository\com\google\code\findbugs\jsr305\3.0.2\jsr305-3.0.2.jar;C:\Users\vikashsharma03\.m2\repository\com\beust\jcommander\1.82\jcommander-1.82.jar;C:\Users\vikashsharma03\.m2\repository\org\webjars\jquery\3.6.0\jquery-3.6.0.jar;C:\Users\vikashsharma03\.m2\repository\commons-io\commons-io\2.11.0\commons-io-2.11.0.jar;C:\Users\vikashsharma03\.m2\repository\com\relevantcodes\extentreports\2.41.2\extentreports-2.41.2.jar;C:\Users\vikashsharma03\.m2\repository\org\jsoup\jsoup\1.8.3\jsoup-1.8.3.jar;C:\Users\vikashsharma03\.m2\repository\org\xerial\sqlite-jdbc\3.8.11.1\sqlite-jdbc-3.8.11.1.jar;C:\Users\vikashsharma03\.m2\repository\org\freemarker\freemarker\2.3.23\freemarker-2.3.23.jar;C:\Users\vikashsharma03\.m2\repository\org\mongodb\mongodb-driver\3.0.4\mongodb-driver-3.0.4.jar;C:\Users\vikashsharma03\.m2\repository\org\mongodb\bson\3.0.4\bson-3.0.4.jar;C:\Users\vikashsharma03\.m2\repository\org\mongodb\mongodb-driver-core\3.0.4\mongodb-driver-core-3.0.4.jar;C:\Users\vikashsharma03\.m2\repository\org\apache\poi\openxml4j\1.0-beta\openxml4j-1.0-beta.jar;C:\Users\vikashsharma03\.m2\repository\dom4j\dom4j\1.6.1\dom4j-1.6.1.jar;C:\Users\vikashsharma03\.m2\repository\xml-apis\xml-apis\1.0.b2\xml-apis-1.0.b2.jar;C:\Users\vikashsharma03\.m2\repository\org\apache\poi\ooxml-schemas\1.4\ooxml-schemas-1.4.jar;C:\Users\vikashsharma03\.m2\repository\org\apache\xmlbeans\xmlbeans\3.0.1\xmlbeans-3.0.1.jar;C:\Users\vikashsharma03\.m2\repository\org\apache\poi\poi-scratchpad\4.1.2\poi-scratchpad-4.1.2.jar;C:\Users\vikashsharma03\.m2\repository\org\apache\poi\poi\4.1.2\poi-4.1.2.jar;C:\Users\vikashsharma03\.m2\repository\commons-codec\commons-codec\1.13\commons-codec-1.13.jar;C:\Users\vikashsharma03\.m2\repository\org\apache\commons\commons-math3\3.6.1\commons-math3-3.6.1.jar;C:\Users\vikashsharma03\.m2\repository\com\zaxxer\SparseBitSet\1.2\SparseBitSet-1.2.jar;C:\Users\vikashsharma03\.m2\repository\org\apache\poi\poi-ooxml-schemas\4.1.2\poi-ooxml-schemas-4.1.2.jar;C:\Users\vikashsharma03\.m2\repository\org\apache\directory\studio\org.apache.commons.io\2.4\org.apache.commons.io-2.4.jar;C:\Users\vikashsharma03\.m2\repository\joda-time\joda-time\2.10.8\joda-time-2.10.8.jar;C:\Users\vikashsharma03\.m2\repository\org\apache\poi\poi-ooxml\4.1.2\poi-ooxml-4.1.2.jar;C:\Users\vikashsharma03\.m2\repository\org\apache\commons\commons-compress\1.19\commons-compress-1.19.jar;C:\Users\vikashsharma03\.m2\repository\com\github\virtuald\curvesapi\1.06\curvesapi-1.06.jar;C:\Users\vikashsharma03\.m2\repository\org\apache\commons\commons-collections4\4.4\commons-collections4-4.4.jar;C:\Users\vikashsharma03\.m2\repository\log4j\log4j\1.2.17\log4j-1.2.17.jar;"/>
    <property name="java.vm.vendor" value="Oracle Corporation"/>
    <property name="sun.arch.data.model" value="64"/>
    <property name="user.variant" value=""/>
    <property name="java.vendor.url" value="http://java.oracle.com/"/>
    <property name="user.timezone" value="Asia/Calcutta"/>
    <property name="java.vm.specification.version" value="11"/>
    <property name="os.name" value="Windows 10"/>
    <property name="sun.java.launcher" value="SUN_STANDARD"/>
    <property name="user.country" value="IN"/>
    <property name="sun.boot.library.path" value="C:\.Net &amp; Java Software\Open JKD -11\bin"/>
    <property name="sun.java.command" value="C:\Users\vikashsharma03\AppData\Local\Temp\surefire6353721506763446014\surefirebooter4651769416463778734.jar C:\Users\vikashsharma03\AppData\Local\Temp\surefire6353721506763446014 2023-01-10T14-28-13_948-jvmRun1 surefire9828040266433358855tmp surefire_015552045869148831994tmp"/>
    <property name="jdk.debug" value="release"/>
    <property name="surefire.test.class.path" value="C:\Users\vikashsharma03\eclipse-workspace\Exit_Test_Assignment\target\test-classes;C:\Users\vikashsharma03\eclipse-workspace\Exit_Test_Assignment\target\classes;C:\Users\vikashsharma03\.m2\repository\org\seleniumhq\selenium\selenium-java\4.4.0\selenium-java-4.4.0.jar;C:\Users\vikashsharma03\.m2\repository\org\seleniumhq\selenium\selenium-api\4.4.0\selenium-api-4.4.0.jar;C:\Users\vikashsharma03\.m2\repository\org\seleniumhq\selenium\selenium-chrome-driver\4.4.0\selenium-chrome-driver-4.4.0.jar;C:\Users\vikashsharma03\.m2\repository\com\google\auto\service\auto-service-annotations\1.0.1\auto-service-annotations-1.0.1.jar;C:\Users\vikashsharma03\.m2\repository\com\google\auto\service\auto-service\1.0.1\auto-service-1.0.1.jar;C:\Users\vikashsharma03\.m2\repository\com\google\auto\auto-common\1.2\auto-common-1.2.jar;C:\Users\vikashsharma03\.m2\repository\com\google\guava\guava\31.1-jre\guava-31.1-jre.jar;C:\Users\vikashsharma03\.m2\repository\com\google\guava\failureaccess\1.0.1\failureaccess-1.0.1.jar;C:\Users\vikashsharma03\.m2\repository\com\google\guava\listenablefuture\9999.0-empty-to-avoid-conflict-with-guava\listenablefuture-9999.0-empty-to-avoid-conflict-with-guava.jar;C:\Users\vikashsharma03\.m2\repository\org\checkerframework\checker-qual\3.12.0\checker-qual-3.12.0.jar;C:\Users\vikashsharma03\.m2\repository\com\google\errorprone\error_prone_annotations\2.11.0\error_prone_annotations-2.11.0.jar;C:\Users\vikashsharma03\.m2\repository\com\google\j2objc\j2objc-annotations\1.3\j2objc-annotations-1.3.jar;C:\Users\vikashsharma03\.m2\repository\org\seleniumhq\selenium\selenium-chromium-driver\4.4.0\selenium-chromium-driver-4.4.0.jar;C:\Users\vikashsharma03\.m2\repository\org\seleniumhq\selenium\selenium-json\4.4.0\selenium-json-4.4.0.jar;C:\Users\vikashsharma03\.m2\repository\org\seleniumhq\selenium\selenium-devtools-v102\4.4.0\selenium-devtools-v102-4.4.0.jar;C:\Users\vikashsharma03\.m2\repository\org\seleniumhq\selenium\selenium-devtools-v103\4.4.0\selenium-devtools-v103-4.4.0.jar;C:\Users\vikashsharma03\.m2\repository\org\seleniumhq\selenium\selenium-devtools-v104\4.4.0\selenium-devtools-v104-4.4.0.jar;C:\Users\vikashsharma03\.m2\repository\org\seleniumhq\selenium\selenium-devtools-v85\4.4.0\selenium-devtools-v85-4.4.0.jar;C:\Users\vikashsharma03\.m2\repository\org\seleniumhq\selenium\selenium-edge-driver\4.4.0\selenium-edge-driver-4.4.0.jar;C:\Users\vikashsharma03\.m2\repository\org\seleniumhq\selenium\selenium-firefox-driver\4.4.0\selenium-firefox-driver-4.4.0.jar;C:\Users\vikashsharma03\.m2\repository\org\seleniumhq\selenium\selenium-ie-driver\4.4.0\selenium-ie-driver-4.4.0.jar;C:\Users\vikashsharma03\.m2\repository\org\seleniumhq\selenium\selenium-opera-driver\4.4.0\selenium-opera-driver-4.4.0.jar;C:\Users\vikashsharma03\.m2\repository\org\seleniumhq\selenium\selenium-remote-driver\4.4.0\selenium-remote-driver-4.4.0.jar;C:\Users\vikashsharma03\.m2\repository\io\netty\netty-buffer\4.1.78.Final\netty-buffer-4.1.78.Final.jar;C:\Users\vikashsharma03\.m2\repository\io\netty\netty-codec-http\4.1.78.Final\netty-codec-http-4.1.78.Final.jar;C:\Users\vikashsharma03\.m2\repository\io\netty\netty-codec\4.1.78.Final\netty-codec-4.1.78.Final.jar;C:\Users\vikashsharma03\.m2\repository\io\netty\netty-handler\4.1.78.Final\netty-handler-4.1.78.Final.jar;C:\Users\vikashsharma03\.m2\repository\io\netty\netty-common\4.1.78.Final\netty-common-4.1.78.Final.jar;C:\Users\vikashsharma03\.m2\repository\io\netty\netty-transport-classes-epoll\4.1.78.Final\netty-transport-classes-epoll-4.1.78.Final.jar;C:\Users\vikashsharma03\.m2\repository\io\netty\netty-transport-classes-kqueue\4.1.78.Final\netty-transport-classes-kqueue-4.1.78.Final.jar;C:\Users\vikashsharma03\.m2\repository\io\netty\netty-transport-native-epoll\4.1.78.Final\netty-transport-native-epoll-4.1.78.Final.jar;C:\Users\vikashsharma03\.m2\repository\io\netty\netty-transport-native-kqueue\4.1.78.Final\netty-transport-native-kqueue-4.1.78.Final.jar;C:\Users\vikashsharma03\.m2\repository\io\netty\netty-transport-native-unix-common\4.1.78.Final\netty-transport-native-unix-common-4.1.78.Final.jar;C:\Users\vikashsharma03\.m2\repository\io\netty\netty-transport\4.1.78.Final\netty-transport-4.1.78.Final.jar;C:\Users\vikashsharma03\.m2\repository\io\netty\netty-resolver\4.1.78.Final\netty-resolver-4.1.78.Final.jar;C:\Users\vikashsharma03\.m2\repository\io\opentelemetry\opentelemetry-api\1.16.0\opentelemetry-api-1.16.0.jar;C:\Users\vikashsharma03\.m2\repository\io\opentelemetry\opentelemetry-context\1.16.0\opentelemetry-context-1.16.0.jar;C:\Users\vikashsharma03\.m2\repository\io\opentelemetry\opentelemetry-exporter-logging\1.16.0\opentelemetry-exporter-logging-1.16.0.jar;C:\Users\vikashsharma03\.m2\repository\io\opentelemetry\opentelemetry-sdk-metrics\1.16.0\opentelemetry-sdk-metrics-1.16.0.jar;C:\Users\vikashsharma03\.m2\repository\io\opentelemetry\opentelemetry-sdk-logs\1.16.0-alpha\opentelemetry-sdk-logs-1.16.0-alpha.jar;C:\Users\vikashsharma03\.m2\repository\io\opentelemetry\opentelemetry-sdk-common\1.16.0\opentelemetry-sdk-common-1.16.0.jar;C:\Users\vikashsharma03\.m2\repository\io\opentelemetry\opentelemetry-sdk-extension-autoconfigure-spi\1.16.0\opentelemetry-sdk-extension-autoconfigure-spi-1.16.0.jar;C:\Users\vikashsharma03\.m2\repository\io\opentelemetry\opentelemetry-sdk-extension-autoconfigure\1.16.0-alpha\opentelemetry-sdk-extension-autoconfigure-1.16.0-alpha.jar;C:\Users\vikashsharma03\.m2\repository\io\opentelemetry\opentelemetry-sdk-trace\1.16.0\opentelemetry-sdk-trace-1.16.0.jar;C:\Users\vikashsharma03\.m2\repository\io\opentelemetry\opentelemetry-sdk\1.16.0\opentelemetry-sdk-1.16.0.jar;C:\Users\vikashsharma03\.m2\repository\io\opentelemetry\opentelemetry-semconv\1.16.0-alpha\opentelemetry-semconv-1.16.0-alpha.jar;C:\Users\vikashsharma03\.m2\repository\io\ous\jtoml\2.0.0\jtoml-2.0.0.jar;C:\Users\vikashsharma03\.m2\repository\net\bytebuddy\byte-buddy\1.12.10\byte-buddy-1.12.10.jar;C:\Users\vikashsharma03\.m2\repository\org\apache\commons\commons-exec\1.3\commons-exec-1.3.jar;C:\Users\vikashsharma03\.m2\repository\org\asynchttpclient\async-http-client\2.12.3\async-http-client-2.12.3.jar;C:\Users\vikashsharma03\.m2\repository\org\asynchttpclient\async-http-client-netty-utils\2.12.3\async-http-client-netty-utils-2.12.3.jar;C:\Users\vikashsharma03\.m2\repository\io\netty\netty-codec-socks\4.1.60.Final\netty-codec-socks-4.1.60.Final.jar;C:\Users\vikashsharma03\.m2\repository\io\netty\netty-handler-proxy\4.1.60.Final\netty-handler-proxy-4.1.60.Final.jar;C:\Users\vikashsharma03\.m2\repository\io\netty\netty-transport-native-epoll\4.1.60.Final\netty-transport-native-epoll-4.1.60.Final-linux-x86_64.jar;C:\Users\vikashsharma03\.m2\repository\io\netty\netty-transport-native-kqueue\4.1.60.Final\netty-transport-native-kqueue-4.1.60.Final-osx-x86_64.jar;C:\Users\vikashsharma03\.m2\repository\org\reactivestreams\reactive-streams\1.0.3\reactive-streams-1.0.3.jar;C:\Users\vikashsharma03\.m2\repository\com\typesafe\netty\netty-reactive-streams\2.0.4\netty-reactive-streams-2.0.4.jar;C:\Users\vikashsharma03\.m2\repository\com\sun\activation\jakarta.activation\1.2.2\jakarta.activation-1.2.2.jar;C:\Users\vikashsharma03\.m2\repository\org\seleniumhq\selenium\selenium-http\4.4.0\selenium-http-4.4.0.jar;C:\Users\vikashsharma03\.m2\repository\dev\failsafe\failsafe\3.2.4\failsafe-3.2.4.jar;C:\Users\vikashsharma03\.m2\repository\org\seleniumhq\selenium\selenium-safari-driver\4.4.0\selenium-safari-driver-4.4.0.jar;C:\Users\vikashsharma03\.m2\repository\org\seleniumhq\selenium\selenium-support\4.4.0\selenium-support-4.4.0.jar;C:\Users\vikashsharma03\.m2\repository\io\github\bonigarcia\webdrivermanager\5.3.0\webdrivermanager-5.3.0.jar;C:\Users\vikashsharma03\.m2\repository\org\slf4j\slf4j-api\1.7.36\slf4j-api-1.7.36.jar;C:\Users\vikashsharma03\.m2\repository\com\google\code\gson\gson\2.9.1\gson-2.9.1.jar;C:\Users\vikashsharma03\.m2\repository\com\github\docker-java\docker-java\3.2.13\docker-java-3.2.13.jar;C:\Users\vikashsharma03\.m2\repository\com\github\docker-java\docker-java-core\3.2.13\docker-java-core-3.2.13.jar;C:\Users\vikashsharma03\.m2\repository\com\github\docker-java\docker-java-api\3.2.13\docker-java-api-3.2.13.jar;C:\Users\vikashsharma03\.m2\repository\com\fasterxml\jackson\core\jackson-annotations\2.10.3\jackson-annotations-2.10.3.jar;C:\Users\vikashsharma03\.m2\repository\com\fasterxml\jackson\core\jackson-databind\2.10.3\jackson-databind-2.10.3.jar;C:\Users\vikashsharma03\.m2\repository\com\fasterxml\jackson\core\jackson-core\2.10.3\jackson-core-2.10.3.jar;C:\Users\vikashsharma03\.m2\repository\org\bouncycastle\bcpkix-jdk15on\1.64\bcpkix-jdk15on-1.64.jar;C:\Users\vikashsharma03\.m2\repository\org\bouncycastle\bcprov-jdk15on\1.64\bcprov-jdk15on-1.64.jar;C:\Users\vikashsharma03\.m2\repository\org\slf4j\jcl-over-slf4j\1.7.30\jcl-over-slf4j-1.7.30.jar;C:\Users\vikashsharma03\.m2\repository\com\github\docker-java\docker-java-transport-httpclient5\3.2.13\docker-java-transport-httpclient5-3.2.13.jar;C:\Users\vikashsharma03\.m2\repository\com\github\docker-java\docker-java-transport\3.2.13\docker-java-transport-3.2.13.jar;C:\Users\vikashsharma03\.m2\repository\net\java\dev\jna\jna\5.8.0\jna-5.8.0.jar;C:\Users\vikashsharma03\.m2\repository\org\brotli\dec\0.1.2\dec-0.1.2.jar;C:\Users\vikashsharma03\.m2\repository\org\apache\commons\commons-lang3\3.12.0\commons-lang3-3.12.0.jar;C:\Users\vikashsharma03\.m2\repository\org\apache\httpcomponents\client5\httpclient5\5.1.3\httpclient5-5.1.3.jar;C:\Users\vikashsharma03\.m2\repository\org\apache\httpcomponents\core5\httpcore5\5.1.3\httpcore5-5.1.3.jar;C:\Users\vikashsharma03\.m2\repository\org\apache\httpcomponents\core5\httpcore5-h2\5.1.3\httpcore5-h2-5.1.3.jar;C:\Users\vikashsharma03\.m2\repository\org\testng\testng\7.6.1\testng-7.6.1.jar;C:\Users\vikashsharma03\.m2\repository\com\google\code\findbugs\jsr305\3.0.2\jsr305-3.0.2.jar;C:\Users\vikashsharma03\.m2\repository\com\beust\jcommander\1.82\jcommander-1.82.jar;C:\Users\vikashsharma03\.m2\repository\org\webjars\jquery\3.6.0\jquery-3.6.0.jar;C:\Users\vikashsharma03\.m2\repository\commons-io\commons-io\2.11.0\commons-io-2.11.0.jar;C:\Users\vikashsharma03\.m2\repository\com\relevantcodes\extentreports\2.41.2\extentreports-2.41.2.jar;C:\Users\vikashsharma03\.m2\repository\org\jsoup\jsoup\1.8.3\jsoup-1.8.3.jar;C:\Users\vikashsharma03\.m2\repository\org\xerial\sqlite-jdbc\3.8.11.1\sqlite-jdbc-3.8.11.1.jar;C:\Users\vikashsharma03\.m2\repository\org\freemarker\freemarker\2.3.23\freemarker-2.3.23.jar;C:\Users\vikashsharma03\.m2\repository\org\mongodb\mongodb-driver\3.0.4\mongodb-driver-3.0.4.jar;C:\Users\vikashsharma03\.m2\repository\org\mongodb\bson\3.0.4\bson-3.0.4.jar;C:\Users\vikashsharma03\.m2\repository\org\mongodb\mongodb-driver-core\3.0.4\mongodb-driver-core-3.0.4.jar;C:\Users\vikashsharma03\.m2\repository\org\apache\poi\openxml4j\1.0-beta\openxml4j-1.0-beta.jar;C:\Users\vikashsharma03\.m2\repository\dom4j\dom4j\1.6.1\dom4j-1.6.1.jar;C:\Users\vikashsharma03\.m2\repository\xml-apis\xml-apis\1.0.b2\xml-apis-1.0.b2.jar;C:\Users\vikashsharma03\.m2\repository\org\apache\poi\ooxml-schemas\1.4\ooxml-schemas-1.4.jar;C:\Users\vikashsharma03\.m2\repository\org\apache\xmlbeans\xmlbeans\3.0.1\xmlbeans-3.0.1.jar;C:\Users\vikashsharma03\.m2\repository\org\apache\poi\poi-scratchpad\4.1.2\poi-scratchpad-4.1.2.jar;C:\Users\vikashsharma03\.m2\repository\org\apache\poi\poi\4.1.2\poi-4.1.2.jar;C:\Users\vikashsharma03\.m2\repository\commons-codec\commons-codec\1.13\commons-codec-1.13.jar;C:\Users\vikashsharma03\.m2\repository\org\apache\commons\commons-math3\3.6.1\commons-math3-3.6.1.jar;C:\Users\vikashsharma03\.m2\repository\com\zaxxer\SparseBitSet\1.2\SparseBitSet-1.2.jar;C:\Users\vikashsharma03\.m2\repository\org\apache\poi\poi-ooxml-schemas\4.1.2\poi-ooxml-schemas-4.1.2.jar;C:\Users\vikashsharma03\.m2\repository\org\apache\directory\studio\org.apache.commons.io\2.4\org.apache.commons.io-2.4.jar;C:\Users\vikashsharma03\.m2\repository\joda-time\joda-time\2.10.8\joda-time-2.10.8.jar;C:\Users\vikashsharma03\.m2\repository\org\apache\poi\poi-ooxml\4.1.2\poi-ooxml-4.1.2.jar;C:\Users\vikashsharma03\.m2\repository\org\apache\commons\commons-compress\1.19\commons-compress-1.19.jar;C:\Users\vikashsharma03\.m2\repository\com\github\virtuald\curvesapi\1.06\curvesapi-1.06.jar;C:\Users\vikashsharma03\.m2\repository\org\apache\commons\commons-collections4\4.4\commons-collections4-4.4.jar;C:\Users\vikashsharma03\.m2\repository\log4j\log4j\1.2.17\log4j-1.2.17.jar;"/>
    <property name="sun.cpu.endian" value="little"/>
    <property name="user.home" value="C:\Users\vikashsharma03"/>
    <property name="user.language" value="en"/>
    <property name="java.specification.vendor" value="Oracle Corporation"/>
    <property name="java.version.date" value="2018-10-16"/>
    <property name="java.home" value="C:\.Net &amp; Java Software\Open JKD -11"/>
    <property name="file.separator" value="\"/>
    <property name="basedir" value="C:\Users\vikashsharma03\eclipse-workspace\Exit_Test_Assignment"/>
    <property name="java.vm.compressedOopsMode" value="Zero based"/>
    <property name="line.separator" value="&#10;"/>
    <property name="java.specification.name" value="Java Platform API Specification"/>
    <property name="java.vm.specification.vendor" value="Oracle Corporation"/>
    <property name="java.awt.graphicsenv" value="sun.awt.Win32GraphicsEnvironment"/>
    <property name="surefire.real.class.path" value="C:\Users\vikashsharma03\AppData\Local\Temp\surefire6353721506763446014\surefirebooter4651769416463778734.jar"/>
    <property name="user.script" value=""/>
    <property name="sun.management.compiler" value="HotSpot 64-Bit Tiered Compilers"/>
    <property name="java.runtime.version" value="11.0.1+13"/>
    <property name="user.name" value="vikashsharma03"/>
    <property name="path.separator" value=";"/>
    <property name="os.version" value="10.0"/>
    <property name="java.runtime.name" value="OpenJDK Runtime Environment"/>
    <property name="file.encoding" value="Cp1252"/>
    <property name="java.vm.name" value="OpenJDK 64-Bit Server VM"/>
    <property name="java.vendor.version" value="18.9"/>
    <property name="localRepository" value="C:\Users\vikashsharma03\.m2\repository"/>
    <property name="java.vendor.url.bug" value="http://bugreport.java.com/bugreport/"/>
    <property name="java.io.tmpdir" value="C:\Users\VIKASH~1\AppData\Local\Temp\"/>
    <property name="java.version" value="11.0.1"/>
    <property name="user.dir" value="C:\Users\vikashsharma03\eclipse-workspace\Exit_Test_Assignment"/>
    <property name="os.arch" value="amd64"/>
    <property name="java.vm.specification.name" value="Java Virtual Machine Specification"/>
    <property name="java.awt.printerjob" value="sun.awt.windows.WPrinterJob"/>
    <property name="sun.os.patch.level" value=""/>
    <property name="java.library.path" value="C:\.Net &amp; Java Software\Open JKD -11\bin;C:\Windows\Sun\Java\bin;C:\Windows\system32;C:\Windows;C:/.Net &amp; Java Software/Open JKD -11/bin/server;C:/.Net &amp; Java Software/Open JKD -11/bin;C:\Windows\system32;C:\Windows;C:\Windows\System32\Wbem;C:\Windows\System32\WindowsPowerShell\v1.0\;C:\Windows\System32\OpenSSH\;C:\Program Files\TortoiseSVN\bin;C:\.Net &amp; Java Software\Open JKD -11\bin;C:\Program Files\dotnet\;C:\Program Files\Microsoft SQL Server\130\Tools\Binn\;C:\Program Files\Microsoft SQL Server\Client SDK\ODBC\170\Tools\Binn\;C:\Program Files\Git\cmd;C:\Program Files\nodejs\;C:\Program Files (x86)\Microsoft SQL Server\150\DTS\Binn\;C:\Program Files\Azure Data Studio\bin;C:\Program Files (x86)\Microsoft SQL Server\140\Tools\Binn\;C:\Program Files\Microsoft SQL Server\140\Tools\Binn\;C:\Program Files (x86)\Microsoft SQL Server\140\DTS\Binn\;C:\Program Files\Microsoft SQL Server\140\DTS\Binn\;C:\Program Files\Microsoft SQL Server\Client SDK\ODBC\130\Tools\Binn\;C:\apache-maven-3.8.6\bin;C:\.Net &amp; Java Software\Open JKD -11\bin;C:\Users\vikashsharma03\AppData\Local\Android\Sdk\platform-tools;C:\Users\vikashsharma03\AppData\Local\Android\Sdk\build-tools\33.0.0;C:\Users\vikashsharma03\AppData\Local\Android\Sdk\platforms;C:\Program Files\RedHat\java-11-openjdk-11.0.5-2\bin;C:\Users\vikashsharma03\AppData\Local\Programs\Python\Python310\Scripts\;C:\Users\vikashsharma03\AppData\Local\Programs\Python\Python310\;C:\Users\vikashsharma03\AppData\Local\Microsoft\WindowsApps;C:\Users\vikashsharma03\.dotnet\tools;C:\Users\vikashsharma03\AppData\Roaming\npm;C:\Program Files\Azure Data Studio\bin;C:\Users\vikashsharma03\AppData\Local\Programs\Microsoft VS Code\bin;C:\Program Files\JetBrains\PyCharm Community Edition 2022.2.1\bin;;C:\Users\vikashsharma03\AppData\Local\Android\Sdk\platform-tools;;C:\Users\vikashsharma03\OneDrive - Nagarro\Desktop;;."/>
    <property name="java.vendor" value="Oracle Corporation"/>
    <property name="java.vm.info" value="mixed mode"/>
    <property name="java.vm.version" value="11.0.1+13"/>
    <property name="sun.io.unicode.encoding" value="UnicodeLittle"/>
    <property name="java.class.version" value="55.0"/>
  </properties>
  <testcase name="ValidateContactUs" classname="com.flipkart.testCases.AboutUsPage" time="0.076">
    <failure message="com/flipkart/Pages/LoginAlertDialogBox" type="java.lang.NoClassDefFoundError"><![CDATA[java.lang.NoClassDefFoundError: com/flipkart/Pages/LoginAlertDialogBox
	at com.flipkart.testCases.AboutUsPage.ValidateContactUs(AboutUsPage.java:26)
Caused by: java.lang.ClassNotFoundException: com.flipkart.Pages.LoginAlertDialogBox
	at com.flipkart.testCases.AboutUsPage.ValidateContactUs(AboutUsPage.java:26)
]]></failure>
    <system-out><![CDATA[01-10-2023 14:28:22 BasePage.java INFO  [main] BasePage.BasePage 57 - Opening chrome browser.
01-10-2023 14:28:57 InternalLoggerFactory.java DEBUG [main] logging.InternalLoggerFactory 89 - Using Log4J as the default logging framework
01-10-2023 14:28:57 ResourceLeakDetector.java DEBUG [main] util.ResourceLeakDetector 129 - -Dio.netty.leakDetection.level: simple
01-10-2023 14:28:57 ResourceLeakDetector.java DEBUG [main] util.ResourceLeakDetector 130 - -Dio.netty.leakDetection.targetRecords: 4
01-10-2023 14:28:57 ResourceLeakDetectorFactory.java DEBUG [main] util.ResourceLeakDetectorFactory 196 - Loaded default ResourceLeakDetector: io.netty.util.ResourceLeakDetector@7e11ab3d
01-10-2023 14:28:57 PlatformDependent0.java DEBUG [main] internal.PlatformDependent0 495 - -Dio.netty.noUnsafe: false
01-10-2023 14:28:57 PlatformDependent0.java DEBUG [main] internal.PlatformDependent0 998 - Java version: 11
01-10-2023 14:28:57 PlatformDependent0.java DEBUG [main] internal.PlatformDependent0 136 - sun.misc.Unsafe.theUnsafe: available
01-10-2023 14:28:57 PlatformDependent0.java DEBUG [main] internal.PlatformDependent0 160 - sun.misc.Unsafe.copyMemory: available
01-10-2023 14:28:57 PlatformDependent0.java DEBUG [main] internal.PlatformDependent0 192 - sun.misc.Unsafe.storeFence: available
01-10-2023 14:28:57 PlatformDependent0.java DEBUG [main] internal.PlatformDependent0 235 - java.nio.Buffer.address: available
01-10-2023 14:28:57 PlatformDependent0.java DEBUG [main] internal.PlatformDependent0 319 - direct buffer constructor: unavailable: Reflective setAccessible(true) disabled
01-10-2023 14:28:57 PlatformDependent0.java DEBUG [main] internal.PlatformDependent0 384 - java.nio.Bits.unaligned: available, true
01-10-2023 14:28:57 PlatformDependent0.java DEBUG [main] internal.PlatformDependent0 451 - jdk.internal.misc.Unsafe.allocateUninitializedArray(int): unavailable: class io.netty.util.internal.PlatformDependent0$7 cannot access class jdk.internal.misc.Unsafe (in module java.base) because module java.base does not export jdk.internal.misc to unnamed module @7da10b5b
01-10-2023 14:28:57 PlatformDependent0.java DEBUG [main] internal.PlatformDependent0 481 - java.nio.DirectByteBuffer.<init>(long, int): unavailable
01-10-2023 14:28:57 PlatformDependent.java DEBUG [main] internal.PlatformDependent 1120 - sun.misc.Unsafe: available
01-10-2023 14:28:57 PlatformDependent.java DEBUG [main] internal.PlatformDependent 1231 - maxDirectMemory: 4137680896 bytes (maybe)
01-10-2023 14:28:57 PlatformDependent.java DEBUG [main] internal.PlatformDependent 1250 - -Dio.netty.tmpdir: C:\Users\VIKASH~1\AppData\Local\Temp (java.io.tmpdir)
01-10-2023 14:28:57 PlatformDependent.java DEBUG [main] internal.PlatformDependent 1329 - -Dio.netty.bitMode: 64 (sun.arch.data.model)
01-10-2023 14:28:57 PlatformDependent.java DEBUG [main] internal.PlatformDependent 1080 - Platform: Windows
01-10-2023 14:28:57 PlatformDependent.java DEBUG [main] internal.PlatformDependent 178 - -Dio.netty.maxDirectMemory: -1 bytes
01-10-2023 14:28:57 PlatformDependent.java DEBUG [main] internal.PlatformDependent 185 - -Dio.netty.uninitializedArrayAllocationThreshold: -1
01-10-2023 14:28:57 CleanerJava9.java DEBUG [main] internal.CleanerJava9 71 - java.nio.ByteBuffer.cleaner(): available
01-10-2023 14:28:57 PlatformDependent.java DEBUG [main] internal.PlatformDependent 205 - -Dio.netty.noPreferDirect: false
01-10-2023 14:28:57 PlatformDependent.java DEBUG [main] internal.PlatformDependent 971 - org.jctools-core.MpscChunkedArrayQueue: available
01-10-2023 14:28:57 InternalThreadLocalMap.java DEBUG [main] internal.InternalThreadLocalMap 86 - -Dio.netty.threadLocalMap.stringBuilder.initialSize: 1024
01-10-2023 14:28:57 InternalThreadLocalMap.java DEBUG [main] internal.InternalThreadLocalMap 89 - -Dio.netty.threadLocalMap.stringBuilder.maxSize: 4096
01-10-2023 14:28:57 JdkSslContext.java DEBUG [main] ssl.JdkSslContext 83 - Default protocols (JDK): [TLSv1.3, TLSv1.2, TLSv1.1, TLSv1] 
01-10-2023 14:28:57 JdkSslContext.java DEBUG [main] ssl.JdkSslContext 84 - Default cipher suites (JDK): [TLS_ECDHE_ECDSA_WITH_AES_256_GCM_SHA384, TLS_ECDHE_ECDSA_WITH_AES_128_GCM_SHA256, TLS_ECDHE_RSA_WITH_AES_128_GCM_SHA256, TLS_ECDHE_RSA_WITH_AES_256_GCM_SHA384, TLS_ECDHE_RSA_WITH_AES_128_CBC_SHA, TLS_ECDHE_RSA_WITH_AES_256_CBC_SHA, TLS_RSA_WITH_AES_128_GCM_SHA256, TLS_RSA_WITH_AES_128_CBC_SHA, TLS_RSA_WITH_AES_256_CBC_SHA, TLS_AES_128_GCM_SHA256, TLS_AES_256_GCM_SHA384]
01-10-2023 14:28:57 MultithreadEventLoopGroup.java DEBUG [main] channel.MultithreadEventLoopGroup 44 - -Dio.netty.eventLoopThreads: 16
01-10-2023 14:28:57 NioEventLoop.java DEBUG [main] nio.NioEventLoop 109 - -Dio.netty.noKeySetOptimization: false
01-10-2023 14:28:57 NioEventLoop.java DEBUG [main] nio.NioEventLoop 110 - -Dio.netty.selectorAutoRebuildThreshold: 512
01-10-2023 14:28:57 PooledByteBufAllocator.java DEBUG [main] buffer.PooledByteBufAllocator 157 - -Dio.netty.allocator.numHeapArenas: 16
01-10-2023 14:28:57 PooledByteBufAllocator.java DEBUG [main] buffer.PooledByteBufAllocator 158 - -Dio.netty.allocator.numDirectArenas: 16
01-10-2023 14:28:57 PooledByteBufAllocator.java DEBUG [main] buffer.PooledByteBufAllocator 160 - -Dio.netty.allocator.pageSize: 8192
01-10-2023 14:28:57 PooledByteBufAllocator.java DEBUG [main] buffer.PooledByteBufAllocator 165 - -Dio.netty.allocator.maxOrder: 9
01-10-2023 14:28:57 PooledByteBufAllocator.java DEBUG [main] buffer.PooledByteBufAllocator 169 - -Dio.netty.allocator.chunkSize: 4194304
01-10-2023 14:28:57 PooledByteBufAllocator.java DEBUG [main] buffer.PooledByteBufAllocator 170 - -Dio.netty.allocator.smallCacheSize: 256
01-10-2023 14:28:57 PooledByteBufAllocator.java DEBUG [main] buffer.PooledByteBufAllocator 171 - -Dio.netty.allocator.normalCacheSize: 64
01-10-2023 14:28:57 PooledByteBufAllocator.java DEBUG [main] buffer.PooledByteBufAllocator 172 - -Dio.netty.allocator.maxCachedBufferCapacity: 32768
01-10-2023 14:28:57 PooledByteBufAllocator.java DEBUG [main] buffer.PooledByteBufAllocator 173 - -Dio.netty.allocator.cacheTrimInterval: 8192
01-10-2023 14:28:57 PooledByteBufAllocator.java DEBUG [main] buffer.PooledByteBufAllocator 174 - -Dio.netty.allocator.cacheTrimIntervalMillis: 0
01-10-2023 14:28:57 PooledByteBufAllocator.java DEBUG [main] buffer.PooledByteBufAllocator 175 - -Dio.netty.allocator.useCacheForAllThreads: false
01-10-2023 14:28:57 PooledByteBufAllocator.java DEBUG [main] buffer.PooledByteBufAllocator 176 - -Dio.netty.allocator.maxCachedByteBuffersPerChunk: 1023
01-10-2023 14:28:57 ByteBufUtil.java DEBUG [main] buffer.ByteBufUtil 87 - -Dio.netty.allocator.type: pooled
01-10-2023 14:28:57 ByteBufUtil.java DEBUG [main] buffer.ByteBufUtil 96 - -Dio.netty.threadLocalDirectBufferSize: 0
01-10-2023 14:28:57 ByteBufUtil.java DEBUG [main] buffer.ByteBufUtil 99 - -Dio.netty.maxThreadLocalCharBufferSize: 16384
01-10-2023 14:28:58 DefaultChannelId.java DEBUG [Forwarding newSession on session null to remote] channel.DefaultChannelId 79 - -Dio.netty.processId: 23832 (auto-detected)
01-10-2023 14:28:58 NetUtil.java DEBUG [Forwarding newSession on session null to remote] util.NetUtil 136 - -Djava.net.preferIPv4Stack: false
01-10-2023 14:28:58 NetUtil.java DEBUG [Forwarding newSession on session null to remote] util.NetUtil 137 - -Djava.net.preferIPv6Addresses: false
01-10-2023 14:28:58 NetUtilInitializations.java DEBUG [Forwarding newSession on session null to remote] util.NetUtilInitializations 129 - Loopback interface: lo (Software Loopback Interface 1, 127.0.0.1)
01-10-2023 14:28:58 NetUtil.java DEBUG [Forwarding newSession on session null to remote] util.NetUtil 191 - Failed to get SOMAXCONN from sysctl and file \proc\sys\net\core\somaxconn. Default: 200
01-10-2023 14:28:58 DefaultChannelId.java DEBUG [Forwarding newSession on session null to remote] channel.DefaultChannelId 101 - -Dio.netty.machineId: 20:c1:9b:ff:fe:56:b0:0d (auto-detected)
01-10-2023 14:28:58 AbstractByteBuf.java DEBUG [AsyncHttpClient-1-2] buffer.AbstractByteBuf 63 - -Dio.netty.buffer.checkAccessible: true
01-10-2023 14:28:58 AbstractByteBuf.java DEBUG [AsyncHttpClient-1-2] buffer.AbstractByteBuf 64 - -Dio.netty.buffer.checkBounds: true
01-10-2023 14:28:58 ResourceLeakDetectorFactory.java DEBUG [AsyncHttpClient-1-2] util.ResourceLeakDetectorFactory 196 - Loaded default ResourceLeakDetector: io.netty.util.ResourceLeakDetector@3f43dae1
01-10-2023 14:28:58 Recycler.java DEBUG [AsyncHttpClient-1-2] util.Recycler 85 - -Dio.netty.recycler.maxCapacityPerThread: 4096
01-10-2023 14:28:58 Recycler.java DEBUG [AsyncHttpClient-1-2] util.Recycler 86 - -Dio.netty.recycler.ratio: 8
01-10-2023 14:28:58 Recycler.java DEBUG [AsyncHttpClient-1-2] util.Recycler 87 - -Dio.netty.recycler.chunkSize: 32
01-10-2023 14:28:58 Recycler.java DEBUG [AsyncHttpClient-1-2] util.Recycler 88 - -Dio.netty.recycler.blocking: false
01-10-2023 14:28:59 Brotli.java DEBUG [AsyncHttpClient-1-2] compression.Brotli 38 - brotli4j not in the classpath; Brotli support will be unavailable.
01-10-2023 14:28:59 ThreadLocalRandom.java DEBUG [main] internal.ThreadLocalRandom 214 - -Dio.netty.initialSeedUniquifier: 0x7f99beb2156d91ee
01-10-2023 14:28:59 BasePage.java INFO  [main] BasePage.BasePage 87 - Geting url to open
01-10-2023 14:29:06 BasePage.java INFO  [main] BasePage.BasePage 90 - Getting Test method name Test scenario
]]></system-out>
    <system-err><![CDATA[SLF4J: Failed to load class "org.slf4j.impl.StaticLoggerBinder".
SLF4J: Defaulting to no-operation (NOP) logger implementation
SLF4J: See http://www.slf4j.org/codes.html#StaticLoggerBinder for further details.
Starting ChromeDriver 108.0.5359.71 (1e0e3868ee06e91ad636a874420e3ca3ae3756ac-refs/branch-heads/5359@{#1016}) on port 49167
Only local connections are allowed.
Please see https://chromedriver.chromium.org/security-considerations for suggestions on keeping ChromeDriver safe.
ChromeDriver was started successfully.
Jan 10, 2023 2:28:59 PM org.openqa.selenium.remote.ProtocolHandshake createSession
INFO: Detected upstream dialect: W3C
Jan 10, 2023 2:28:59 PM org.openqa.selenium.devtools.CdpVersionFinder findNearestMatch
WARNING: Unable to find an exact match for CDP version 108, so returning the closest version found: 104
Jan 10, 2023 2:28:59 PM org.openqa.selenium.devtools.CdpVersionFinder findNearestMatch
INFO: Found CDP implementation for version 108 of 104
Jan 10, 2023 2:28:59 PM com.relevantcodes.extentreports.ExtentReports loadConfig
WARNING: Unable to perform report configuration. The file C:\Users\vikashsharma03\eclipse-workspace\Exit_Test_Assignment\reportConfig.xml was not found.
]]></system-err>
  </testcase>
  <testcase name="tearDown[[TestResult name=ValidateContactUs status=FAILURE method=AboutUsPage.ValidateContactUs()[pri:1, instance:com.flipkart.testCases.AboutUsPage@c05fddc] output={null}]](0)" classname="com.flipkart.testCases.AboutUsPage" time="0.112">
    <failure message="no such window: target window already closed&#10;from unknown error: web view not found&#10;  (Session info: chrome=108.0.5359.125)&#10;Build info: version: &apos;4.4.0&apos;, revision: &apos;e5c75ed026a&apos;&#10;System info: host: &apos;IN-D79K1N3&apos;, ip: &apos;192.168.111.143&apos;, os.name: &apos;Windows 10&apos;, os.arch: &apos;amd64&apos;, os.version: &apos;10.0&apos;, java.version: &apos;11.0.1&apos;&#10;Driver info: org.openqa.selenium.chrome.ChromeDriver&#10;Command: [56b41b99e23292e6cb1d5105d931e603, screenshot {}]&#10;Capabilities {acceptInsecureCerts: false, browserName: chrome, browserVersion: 108.0.5359.125, chrome: {chromedriverVersion: 108.0.5359.71 (1e0e3868ee06..., userDataDir: C:\Users\VIKASH~1\AppData\L...}, goog:chromeOptions: {debuggerAddress: localhost:57504}, networkConnectionEnabled: false, pageLoadStrategy: normal, platformName: WINDOWS, proxy: Proxy(), se:cdp: ws://localhost:57504/devtoo..., se:cdpVersion: 108.0.5359.125, setWindowRect: true, strictFileInteractability: false, timeouts: {implicit: 0, pageLoad: 300000, script: 30000}, unhandledPromptBehavior: dismiss and notify, webauthn:extension:credBlob: true, webauthn:extension:largeBlob: true, webauthn:virtualAuthenticators: true}&#10;Session ID: 56b41b99e23292e6cb1d5105d931e603" type="org.openqa.selenium.NoSuchWindowException"><![CDATA[org.openqa.selenium.NoSuchWindowException: 
no such window: target window already closed
from unknown error: web view not found
  (Session info: chrome=108.0.5359.125)
Build info: version: '4.4.0', revision: 'e5c75ed026a'
System info: host: 'IN-D79K1N3', ip: '192.168.111.143', os.name: 'Windows 10', os.arch: 'amd64', os.version: '10.0', java.version: '11.0.1'
Driver info: org.openqa.selenium.chrome.ChromeDriver
Command: [56b41b99e23292e6cb1d5105d931e603, screenshot {}]
Capabilities {acceptInsecureCerts: false, browserName: chrome, browserVersion: 108.0.5359.125, chrome: {chromedriverVersion: 108.0.5359.71 (1e0e3868ee06..., userDataDir: C:\Users\VIKASH~1\AppData\L...}, goog:chromeOptions: {debuggerAddress: localhost:57504}, networkConnectionEnabled: false, pageLoadStrategy: normal, platformName: WINDOWS, proxy: Proxy(), se:cdp: ws://localhost:57504/devtoo..., se:cdpVersion: 108.0.5359.125, setWindowRect: true, strictFileInteractability: false, timeouts: {implicit: 0, pageLoad: 300000, script: 30000}, unhandledPromptBehavior: dismiss and notify, webauthn:extension:credBlob: true, webauthn:extension:largeBlob: true, webauthn:virtualAuthenticators: true}
Session ID: 56b41b99e23292e6cb1d5105d931e603
]]></failure>
    <system-out><![CDATA[01-10-2023 14:29:06 BasePage.java INFO  [main] BasePage.BasePage 108 - Taking screen shot of failed test cases
]]></system-out>
  </testcase>
  <testcase name="setup" classname="com.flipkart.testCases.AboutUsPage" time="0">
    <skipped/>
  </testcase>
  <testcase name="setup" classname="com.flipkart.testCases.AboutUsPage" time="0">
    <skipped/>
  </testcase>
  <testcase name="setup" classname="com.flipkart.testCases.AboutUsPage" time="0">
    <skipped/>
  </testcase>
  <testcase name="setup" classname="com.flipkart.testCases.AboutUsPage" time="0">
    <skipped/>
  </testcase>
  <testcase name="ValidateAboutUs" classname="com.flipkart.testCases.AboutUsPage" time="0">
    <skipped message="no such window: target window already closed&#10;from unknown error: web view not found&#10;  (Session info: chrome=108.0.5359.125)&#10;Build info: version: &apos;4.4.0&apos;, revision: &apos;e5c75ed026a&apos;&#10;System info: host: &apos;IN-D79K1N3&apos;, ip: &apos;192.168.111.143&apos;, os.name: &apos;Windows 10&apos;, os.arch: &apos;amd64&apos;, os.version: &apos;10.0&apos;, java.version: &apos;11.0.1&apos;&#10;Driver info: org.openqa.selenium.chrome.ChromeDriver&#10;Command: [56b41b99e23292e6cb1d5105d931e603, screenshot {}]&#10;Capabilities {acceptInsecureCerts: false, browserName: chrome, browserVersion: 108.0.5359.125, chrome: {chromedriverVersion: 108.0.5359.71 (1e0e3868ee06..., userDataDir: C:\Users\VIKASH~1\AppData\L...}, goog:chromeOptions: {debuggerAddress: localhost:57504}, networkConnectionEnabled: false, pageLoadStrategy: normal, platformName: WINDOWS, proxy: Proxy(), se:cdp: ws://localhost:57504/devtoo..., se:cdpVersion: 108.0.5359.125, setWindowRect: true, strictFileInteractability: false, timeouts: {implicit: 0, pageLoad: 300000, script: 30000}, unhandledPromptBehavior: dismiss and notify, webauthn:extension:credBlob: true, webauthn:extension:largeBlob: true, webauthn:virtualAuthenticators: true}&#10;Session ID: 56b41b99e23292e6cb1d5105d931e603"/>
  </testcase>
  <testcase name="tearDown" classname="com.flipkart.testCases.AboutUsPage" time="0">
    <skipped/>
  </testcase>
  <testcase name="tearDown" classname="com.flipkart.testCases.AboutUsPage" time="0">
    <skipped/>
  </testcase>
  <testcase name="tearDown" classname="com.flipkart.testCases.AboutUsPage" time="0">
    <skipped/>
  </testcase>
  <testcase name="tearDown" classname="com.flipkart.testCases.AboutUsPage" time="0">
    <skipped/>
  </testcase>
  <testcase name="ValidateCarrers[vikashsharma9967@gmail.com, 8084815764, Login](1)" classname="com.flipkart.testCases.AboutUsPage" time="0">
    <skipped message="no such window: target window already closed&#10;from unknown error: web view not found&#10;  (Session info: chrome=108.0.5359.125)&#10;Build info: version: &apos;4.4.0&apos;, revision: &apos;e5c75ed026a&apos;&#10;System info: host: &apos;IN-D79K1N3&apos;, ip: &apos;192.168.111.143&apos;, os.name: &apos;Windows 10&apos;, os.arch: &apos;amd64&apos;, os.version: &apos;10.0&apos;, java.version: &apos;11.0.1&apos;&#10;Driver info: org.openqa.selenium.chrome.ChromeDriver&#10;Command: [56b41b99e23292e6cb1d5105d931e603, screenshot {}]&#10;Capabilities {acceptInsecureCerts: false, browserName: chrome, browserVersion: 108.0.5359.125, chrome: {chromedriverVersion: 108.0.5359.71 (1e0e3868ee06..., userDataDir: C:\Users\VIKASH~1\AppData\L...}, goog:chromeOptions: {debuggerAddress: localhost:57504}, networkConnectionEnabled: false, pageLoadStrategy: normal, platformName: WINDOWS, proxy: Proxy(), se:cdp: ws://localhost:57504/devtoo..., se:cdpVersion: 108.0.5359.125, setWindowRect: true, strictFileInteractability: false, timeouts: {implicit: 0, pageLoad: 300000, script: 30000}, unhandledPromptBehavior: dismiss and notify, webauthn:extension:credBlob: true, webauthn:extension:largeBlob: true, webauthn:virtualAuthenticators: true}&#10;Session ID: 56b41b99e23292e6cb1d5105d931e603"/>
  </testcase>
  <testcase name="ValidateFlipkartStories[Flipkart Stories - Looking for a Flipkart story? Read latest news updates](1)" classname="com.flipkart.testCases.AboutUsPage" time="0">
    <skipped message="no such window: target window already closed&#10;from unknown error: web view not found&#10;  (Session info: chrome=108.0.5359.125)&#10;Build info: version: &apos;4.4.0&apos;, revision: &apos;e5c75ed026a&apos;&#10;System info: host: &apos;IN-D79K1N3&apos;, ip: &apos;192.168.111.143&apos;, os.name: &apos;Windows 10&apos;, os.arch: &apos;amd64&apos;, os.version: &apos;10.0&apos;, java.version: &apos;11.0.1&apos;&#10;Driver info: org.openqa.selenium.chrome.ChromeDriver&#10;Command: [56b41b99e23292e6cb1d5105d931e603, screenshot {}]&#10;Capabilities {acceptInsecureCerts: false, browserName: chrome, browserVersion: 108.0.5359.125, chrome: {chromedriverVersion: 108.0.5359.71 (1e0e3868ee06..., userDataDir: C:\Users\VIKASH~1\AppData\L...}, goog:chromeOptions: {debuggerAddress: localhost:57504}, networkConnectionEnabled: false, pageLoadStrategy: normal, platformName: WINDOWS, proxy: Proxy(), se:cdp: ws://localhost:57504/devtoo..., se:cdpVersion: 108.0.5359.125, setWindowRect: true, strictFileInteractability: false, timeouts: {implicit: 0, pageLoad: 300000, script: 30000}, unhandledPromptBehavior: dismiss and notify, webauthn:extension:credBlob: true, webauthn:extension:largeBlob: true, webauthn:virtualAuthenticators: true}&#10;Session ID: 56b41b99e23292e6cb1d5105d931e603"/>
  </testcase>
  <testcase name="ValidateCorporateInformation[Online Shopping India | Buy Mobiles, Electronics, Appliances, Clothing and More Online at Flipkart.com](1)" classname="com.flipkart.testCases.AboutUsPage" time="0">
    <skipped message="no such window: target window already closed&#10;from unknown error: web view not found&#10;  (Session info: chrome=108.0.5359.125)&#10;Build info: version: &apos;4.4.0&apos;, revision: &apos;e5c75ed026a&apos;&#10;System info: host: &apos;IN-D79K1N3&apos;, ip: &apos;192.168.111.143&apos;, os.name: &apos;Windows 10&apos;, os.arch: &apos;amd64&apos;, os.version: &apos;10.0&apos;, java.version: &apos;11.0.1&apos;&#10;Driver info: org.openqa.selenium.chrome.ChromeDriver&#10;Command: [56b41b99e23292e6cb1d5105d931e603, screenshot {}]&#10;Capabilities {acceptInsecureCerts: false, browserName: chrome, browserVersion: 108.0.5359.125, chrome: {chromedriverVersion: 108.0.5359.71 (1e0e3868ee06..., userDataDir: C:\Users\VIKASH~1\AppData\L...}, goog:chromeOptions: {debuggerAddress: localhost:57504}, networkConnectionEnabled: false, pageLoadStrategy: normal, platformName: WINDOWS, proxy: Proxy(), se:cdp: ws://localhost:57504/devtoo..., se:cdpVersion: 108.0.5359.125, setWindowRect: true, strictFileInteractability: false, timeouts: {implicit: 0, pageLoad: 300000, script: 30000}, unhandledPromptBehavior: dismiss and notify, webauthn:extension:credBlob: true, webauthn:extension:largeBlob: true, webauthn:virtualAuthenticators: true}&#10;Session ID: 56b41b99e23292e6cb1d5105d931e603"/>
  </testcase>
</testsuite>