<?xml version="1.0" encoding="UTF-8"?>
<!-- Generated by org.testng.reporters.JUnitReportReporter -->
<testsuite hostname="IN-D79K1N3" failures="0" tests="1" name="test.login" time="0.013" errors="0" timestamp="2022-12-30T05:50:19 IST" skipped="0">
  <testcase classname="test.login" name="display" time="0.013"/>
  <system-out/>
</testsuite> <!-- test.login -->
