<?xml version="1.0" encoding="UTF-8"?>
<!-- Generated by org.testng.reporters.JUnitReportReporter -->
<testsuite hostname="IN-D79K1N3" failures="0" tests="3" name="com.flipkart.testCases.More_option_HomePage" time="114.105" errors="0" timestamp="2023-01-10T15:52:38 IST" skipped="0">
  <testcase classname="com.flipkart.testCases.More_option_HomePage" name="Validating_MoreOption_Notification_option" time="36.746"/>
  <system-out/>
  <testcase classname="com.flipkart.testCases.More_option_HomePage" name="Validating_Moreoption_Customercare_option" time="43.041"/>
  <system-out/>
  <testcase classname="com.flipkart.testCases.More_option_HomePage" name="Validating_Moreoption_Advertise_option" time="34.318"/>
  <system-out/>
</testsuite> <!-- com.flipkart.testCases.More_option_HomePage -->
