<?xml version="1.0" encoding="UTF-8"?>
<!-- Generated by org.testng.reporters.JUnitReportReporter -->
<testsuite hostname="IN-D79K1N3" failures="0" tests="2" name="com.flipkart.testCases.Flipkart_Explore_Plus" time="68.351" errors="0" timestamp="2023-01-10T15:52:38 IST" skipped="0">
  <testcase classname="com.flipkart.testCases.Flipkart_Explore_Plus" name="Validating_Flight" time="34.904"/>
  <system-out/>
  <testcase classname="com.flipkart.testCases.Flipkart_Explore_Plus" name="Validating_OfferZone" time="33.447"/>
  <system-out/>
</testsuite> <!-- com.flipkart.testCases.Flipkart_Explore_Plus -->
