<?xml version="1.0" encoding="UTF-8"?>
<!-- Generated by org.testng.reporters.JUnitReportReporter -->
<testsuite hostname="IN-D79K1N3" failures="0" tests="5" name="com.flipkart.testCases.AboutUsPage" time="256.575" errors="0" timestamp="2023-01-10T15:52:38 IST" skipped="0">
  <testcase classname="com.flipkart.testCases.AboutUsPage" name="ValidateContactUs" time="35.078"/>
  <system-out/>
  <testcase classname="com.flipkart.testCases.AboutUsPage" name="ValidateAboutUs" time="33.793"/>
  <system-out/>
  <testcase classname="com.flipkart.testCases.AboutUsPage" name="ValidateCarrers" time="40.855"/>
  <system-out/>
  <testcase classname="com.flipkart.testCases.AboutUsPage" name="ValidateFlipkartStories" time="112.784"/>
  <system-out/>
  <testcase classname="com.flipkart.testCases.AboutUsPage" name="ValidateCorporateInformation" time="34.065"/>
  <system-out/>
</testsuite> <!-- com.flipkart.testCases.AboutUsPage -->
