<?xml version="1.0" encoding="UTF-8"?>
<!-- Generated by org.testng.reporters.JUnitReportReporter -->
<testsuite hostname="IN-D79K1N3" failures="0" tests="3" name="com.flipkart.testCases.PolicyPage" time="110.787" errors="0" timestamp="2023-01-10T15:52:38 IST" skipped="0">
  <testcase classname="com.flipkart.testCases.PolicyPage" name="ValidateReturnPolicy" time="61.704"/>
  <system-out/>
  <testcase classname="com.flipkart.testCases.PolicyPage" name="ValidateSecurityLink" time="20.920"/>
  <system-out/>
  <testcase classname="com.flipkart.testCases.PolicyPage" name="ValidatePrivacyLink" time="28.163"/>
  <system-out/>
</testsuite> <!-- com.flipkart.testCases.PolicyPage -->
