<?xml version="1.0" encoding="UTF-8"?>
<!-- Generated by org.testng.reporters.JUnitReportReporter -->
<testsuite hostname="IN-D79K1N3" failures="0" tests="1" name="com.flipkart.testCases.Cart_icon_HomePage" time="28.486" errors="0" timestamp="2023-01-10T15:52:38 IST" skipped="0">
  <testcase classname="com.flipkart.testCases.Cart_icon_HomePage" name="Validating_Cart_Icon" time="28.486"/>
  <system-out/>
</testsuite> <!-- com.flipkart.testCases.Cart_icon_HomePage -->
